<?xml version='1.0' encoding='UTF-8'?>
<testsuite hostname="imocanu" name="top.PE_test" tests="2" errors="0" failures="0" skipped="0" time="8.137" timestamp="2021-09-23T21:33:31">
          <properties>
[...]
</properties>
          <testcase classname="top.PE_test" name="run PE_test_manual should pass" time="6.684">
                      
                    </testcase><testcase classname="top.PE_test" name="run PE_test_INT_L2 should pass" time="1.453">
                      
                    </testcase>
          <system-out><![CDATA[]]></system-out>
          <system-err><![CDATA[]]></system-err>
        </testsuite>